<?xml version="1.0" encoding="UTF-8"?>
<!-- Generated by org.testng.reporters.JUnitReportReporter -->
<testsuite hostname="Karthick" name="com.sample.selenium.testng.XmlParameterSample" tests="1" failures="0" timestamp="25 Dec 2018 11:55:58 GMT" time="0.001" errors="0">
  <testcase name="m1" time="0.001" classname="com.sample.selenium.testng.XmlParameterSample"/>
</testsuite> <!-- com.sample.selenium.testng.XmlParameterSample -->
